adobe-source-code-pro-fonts
alacritty
blueman
brightnessctl
chromium
code
egl-wayland
evince
firefox
fish
gnome-calculator
grim
gtk-engine-murrine
gtk-layer-shell
htop
imagemagick
intel-ucode
iwd
jq
kanshi
light
mako
nautilus
netctl
network-manager-applet
networkmanager
nextcloud-client
noto-fonts-emoji
otf-font-awesome
papirus-icon-theme
paprefs
pavucontrol
polkit-gnome
pulseaudio
qt5-wayland
reflector
signal-desktop
slurp
sway
swaybg
swayidle
swaylock
tlp
ttf-dejavu
ttf-font-awesome
ttf-nerd-fonts-symbols
ttf-roboto
udiskie
waybar
wayland-protocols
wget
wofi
wpa_supplicant
xdg-desktop-portal-wlr
xdg-utils
xf86-input-libinput
xf86-video-intel
xf86-video-nouveau
xorg-xwayland
nano
wl-clipboard
papirus-icon-theme